[13/Aug/2016 08:15:19] "GET / HTTP/1.1" 200 24658
[13/Aug/2016 08:15:19] "GET /static/css/style.css HTTP/1.1" 200 10729
[13/Aug/2016 08:15:19] "GET /static/css/owl.theme.css HTTP/1.1" 200 1999
[13/Aug/2016 08:15:19] "GET /static/css/owl.carousel.css HTTP/1.1" 200 1476
[13/Aug/2016 08:15:19] "GET /static/css/font-awesome.css HTTP/1.1" 200 32113
[13/Aug/2016 08:15:19] "GET /static/css/bootstrap.min.css HTTP/1.1" 200 121268
[13/Aug/2016 08:15:19] "GET /static/js/owl.carousel.min.js HTTP/1.1" 200 23890
[13/Aug/2016 08:15:19] "GET /static/js/bootstrap.min.js HTTP/1.1" 200 36868
[13/Aug/2016 08:15:19] "GET /static/js/jquery.min.js HTTP/1.1" 200 97163
[13/Aug/2016 08:15:20] "GET /static/images/favicon.ico HTTP/1.1" 404 1785
[13/Aug/2016 08:15:29] "GET /getproducts/ HTTP/1.1" 200 7320
[13/Aug/2016 08:17:57] "GET /getproducts/ HTTP/1.1" 200 7320
[13/Aug/2016 08:18:33] "GET /getproducts/ HTTP/1.1" 200 7320
[13/Aug/2016 08:19:50] "GET /getproducts/ HTTP/1.1" 200 7320
[13/Aug/2016 08:25:07] "GET /getproducts/ HTTP/1.1" 200 7320
[13/Aug/2016 08:30:59] "GET /getproducts/ HTTP/1.1" 200 7320
[13/Aug/2016 08:51:21] "GET /getproducts/ HTTP/1.1" 200 7320
[13/Aug/2016 08:52:24] "GET /getproducts/ HTTP/1.1" 200 7320
[13/Aug/2016 08:52:54] "GET /getproducts/ HTTP/1.1" 200 7320
[13/Aug/2016 09:01:35] "GET /getproducts/ HTTP/1.1" 200 7320
[13/Aug/2016 09:02:54] "GET /getproducts/ HTTP/1.1" 200 7320
Performing system checks...

System check identified no issues (0 silenced).
August 13, 2016 - 08:15:10
Django version 1.9.8, using settings 'bitshopproject.settings'
Starting development server at http://192.168.1.137:8000/
Quit the server with CONTROL-C.
[13/Aug/2016 09:03:22] "GET /getproducts/ HTTP/1.1" 200 7320
Performing system checks...

System check identified no issues (0 silenced).
August 13, 2016 - 09:03:04
Django version 1.9.8, using settings 'bitshopproject.settings'
Starting development server at http://192.168.1.137:8000/
Quit the server with CONTROL-C.
Performing system checks...

System check identified no issues (0 silenced).
August 13, 2016 - 09:04:29
Django version 1.9.8, using settings 'bitshopproject.settings'
Starting development server at http://192.168.1.137:8000/
Quit the server with CONTROL-C.
[13/Aug/2016 09:06:10] "GET /getproducts/ HTTP/1.1" 200 7320
[13/Aug/2016 09:08:39] "GET /getproducts/ HTTP/1.1" 200 7320
[13/Aug/2016 09:08:57] "GET /getproducts/ HTTP/1.1" 200 7320
[13/Aug/2016 09:09:19] "GET /getproducts/ HTTP/1.1" 200 7320
[13/Aug/2016 09:10:23] "GET /getproducts/ HTTP/1.1" 200 7320
[13/Aug/2016 09:11:34] "GET /getproducts/ HTTP/1.1" 200 7320
[13/Aug/2016 09:11:58] "GET /getproducts/ HTTP/1.1" 200 7320
[13/Aug/2016 09:12:18] "GET /getproducts/ HTTP/1.1" 200 7320
[13/Aug/2016 09:13:01] "GET /getproducts/ HTTP/1.1" 200 7320
[13/Aug/2016 09:13:39] "GET /getproducts/ HTTP/1.1" 200 7320
[13/Aug/2016 09:14:17] "GET /getproducts/ HTTP/1.1" 200 7320
Performing system checks...

System check identified no issues (0 silenced).
August 13, 2016 - 09:04:53
Django version 1.9.8, using settings 'bitshopproject.settings'
Starting development server at http://192.168.1.137:8000/
Quit the server with CONTROL-C.
Performing system checks...

System check identified no issues (0 silenced).
August 13, 2016 - 09:17:38
Django version 1.9.8, using settings 'bitshopproject.settings'
Starting development server at http://192.168.1.137:8000/
Quit the server with CONTROL-C.
[13/Aug/2016 09:19:31] "GET /getproducts/ HTTP/1.1" 200 7320
Performing system checks...

System check identified no issues (0 silenced).
August 13, 2016 - 09:18:17
Django version 1.9.8, using settings 'bitshopproject.settings'
Starting development server at http://192.168.1.137:8000/
Quit the server with CONTROL-C.
Performing system checks...

System check identified no issues (0 silenced).
August 13, 2016 - 09:22:09
Django version 1.9.8, using settings 'bitshopproject.settings'
Starting development server at http://192.168.1.137:8000/
Quit the server with CONTROL-C.
Performing system checks...

System check identified no issues (0 silenced).
August 13, 2016 - 09:22:23
Django version 1.9.8, using settings 'bitshopproject.settings'
Starting development server at http://192.168.1.137:8000/
Quit the server with CONTROL-C.
Unhandled exception in thread started by <function wrapper at 0x1090855f0>
Performing system checks...

Traceback (most recent call last):
  File "/Users/nishant/Bitshop/lib/python2.7/site-packages/django/utils/autoreload.py", line 226, in wrapper
    fn(*args, **kwargs)
  File "/Users/nishant/Bitshop/lib/python2.7/site-packages/django/core/management/commands/runserver.py", line 116, in inner_run
    self.check(display_num_errors=True)
  File "/Users/nishant/Bitshop/lib/python2.7/site-packages/django/core/management/base.py", line 426, in check
    include_deployment_checks=include_deployment_checks,
  File "/Users/nishant/Bitshop/lib/python2.7/site-packages/django/core/checks/registry.py", line 75, in run_checks
    new_errors = check(app_configs=app_configs)
  File "/Users/nishant/Bitshop/lib/python2.7/site-packages/django/core/checks/urls.py", line 13, in check_url_config
    return check_resolver(resolver)
  File "/Users/nishant/Bitshop/lib/python2.7/site-packages/django/core/checks/urls.py", line 23, in check_resolver
    for pattern in resolver.url_patterns:
  File "/Users/nishant/Bitshop/lib/python2.7/site-packages/django/utils/functional.py", line 33, in __get__
    res = instance.__dict__[self.name] = self.func(instance)
  File "/Users/nishant/Bitshop/lib/python2.7/site-packages/django/core/urlresolvers.py", line 417, in url_patterns
    patterns = getattr(self.urlconf_module, "urlpatterns", self.urlconf_module)
  File "/Users/nishant/Bitshop/lib/python2.7/site-packages/django/utils/functional.py", line 33, in __get__
    res = instance.__dict__[self.name] = self.func(instance)
  File "/Users/nishant/Bitshop/lib/python2.7/site-packages/django/core/urlresolvers.py", line 410, in urlconf_module
    return import_module(self.urlconf_name)
  File "/System/Library/Frameworks/Python.framework/Versions/2.7/lib/python2.7/importlib/__init__.py", line 37, in import_module
    __import__(name)
  File "/Users/nishant/Bitshop/bitshopproject/bitshopproject/urls.py", line 27, in <module>
    url(r'^news/$', views.News, name='news'),
AttributeError: 'module' object has no attribute 'News'
Performing system checks...

System check identified no issues (0 silenced).
August 13, 2016 - 09:24:13
Django version 1.9.8, using settings 'bitshopproject.settings'
Starting development server at http://192.168.1.137:8000/
Quit the server with CONTROL-C.
Performing system checks...

System check identified no issues (0 silenced).
August 13, 2016 - 09:25:54
Django version 1.9.8, using settings 'bitshopproject.settings'
Starting development server at http://192.168.1.137:8000/
Quit the server with CONTROL-C.
Performing system checks...

System check identified no issues (0 silenced).
August 13, 2016 - 09:28:01
Django version 1.9.8, using settings 'bitshopproject.settings'
Starting development server at http://192.168.1.137:8000/
Quit the server with CONTROL-C.
Performing system checks...

System check identified no issues (0 silenced).
August 13, 2016 - 09:33:30
Django version 1.9.8, using settings 'bitshopproject.settings'
Starting development server at http://192.168.1.137:8000/
Quit the server with CONTROL-C.
Performing system checks...

System check identified no issues (0 silenced).
August 13, 2016 - 09:37:22
Django version 1.9.8, using settings 'bitshopproject.settings'
Starting development server at http://192.168.1.137:8000/
Quit the server with CONTROL-C.
Performing system checks...

System check identified no issues (0 silenced).
August 13, 2016 - 10:05:39
Django version 1.9.8, using settings 'bitshopproject.settings'
Starting development server at http://192.168.1.137:8000/
Quit the server with CONTROL-C.
Performing system checks...

System check identified no issues (0 silenced).
August 13, 2016 - 10:06:25
Django version 1.9.8, using settings 'bitshopproject.settings'
Starting development server at http://192.168.1.137:8000/
Quit the server with CONTROL-C.
Performing system checks...

System check identified no issues (0 silenced).
August 13, 2016 - 10:06:37
Django version 1.9.8, using settings 'bitshopproject.settings'
Starting development server at http://192.168.1.137:8000/
Quit the server with CONTROL-C.
Performing system checks...

System check identified no issues (0 silenced).
August 13, 2016 - 10:08:31
Django version 1.9.8, using settings 'bitshopproject.settings'
Starting development server at http://192.168.1.137:8000/
Quit the server with CONTROL-C.
Performing system checks...

System check identified no issues (0 silenced).
August 13, 2016 - 10:08:50
Django version 1.9.8, using settings 'bitshopproject.settings'
Starting development server at http://192.168.1.137:8000/
Quit the server with CONTROL-C.
Performing system checks...

System check identified no issues (0 silenced).
August 13, 2016 - 10:09:18
Django version 1.9.8, using settings 'bitshopproject.settings'
Starting development server at http://192.168.1.137:8000/
Quit the server with CONTROL-C.
Performing system checks...

System check identified no issues (0 silenced).
August 13, 2016 - 10:12:32
Django version 1.9.8, using settings 'bitshopproject.settings'
Starting development server at http://192.168.1.137:8000/
Quit the server with CONTROL-C.
Performing system checks...

System check identified no issues (0 silenced).
August 13, 2016 - 10:12:55
Django version 1.9.8, using settings 'bitshopproject.settings'
Starting development server at http://192.168.1.137:8000/
Quit the server with CONTROL-C.
Performing system checks...

System check identified no issues (0 silenced).
August 13, 2016 - 10:13:04
Django version 1.9.8, using settings 'bitshopproject.settings'
Starting development server at http://192.168.1.137:8000/
Quit the server with CONTROL-C.
Performing system checks...

System check identified no issues (0 silenced).
August 13, 2016 - 10:33:10
Django version 1.9.8, using settings 'bitshopproject.settings'
Starting development server at http://192.168.1.137:8000/
Quit the server with CONTROL-C.
[13/Aug/2016 10:51:59] "GET /getproducts/ HTTP/1.1" 200 7320
Performing system checks...

System check identified no issues (0 silenced).
August 13, 2016 - 10:35:30
Django version 1.9.8, using settings 'bitshopproject.settings'
Starting development server at http://192.168.1.137:8000/
Quit the server with CONTROL-C.
Performing system checks...

System check identified no issues (0 silenced).
August 13, 2016 - 11:02:35
Django version 1.9.8, using settings 'bitshopproject.settings'
Starting development server at http://192.168.1.137:8000/
Quit the server with CONTROL-C.
[13/Aug/2016 11:17:53] "GET /getproducts/ HTTP/1.1" 200 7320
Performing system checks...

System check identified no issues (0 silenced).
August 13, 2016 - 11:02:43
Django version 1.9.8, using settings 'bitshopproject.settings'
Starting development server at http://192.168.1.137:8000/
Quit the server with CONTROL-C.
Unhandled exception in thread started by <function wrapper at 0x1100d15f0>
Performing system checks...

System check identified no issues (0 silenced).
Traceback (most recent call last):
  File "/Users/nishant/Bitshop/lib/python2.7/site-packages/django/utils/autoreload.py", line 226, in wrapper
    fn(*args, **kwargs)
  File "/Users/nishant/Bitshop/lib/python2.7/site-packages/django/core/management/commands/runserver.py", line 117, in inner_run
    self.check_migrations()
  File "/Users/nishant/Bitshop/lib/python2.7/site-packages/django/core/management/commands/runserver.py", line 163, in check_migrations
    executor = MigrationExecutor(connections[DEFAULT_DB_ALIAS])
  File "/Users/nishant/Bitshop/lib/python2.7/site-packages/django/db/migrations/executor.py", line 20, in __init__
    self.loader = MigrationLoader(self.connection)
  File "/Users/nishant/Bitshop/lib/python2.7/site-packages/django/db/migrations/loader.py", line 49, in __init__
    self.build_graph()
  File "/Users/nishant/Bitshop/lib/python2.7/site-packages/django/db/migrations/loader.py", line 176, in build_graph
    self.applied_migrations = recorder.applied_migrations()
  File "/Users/nishant/Bitshop/lib/python2.7/site-packages/django/db/migrations/recorder.py", line 65, in applied_migrations
    self.ensure_schema()
  File "/Users/nishant/Bitshop/lib/python2.7/site-packages/django/db/migrations/recorder.py", line 52, in ensure_schema
    if self.Migration._meta.db_table in self.connection.introspection.table_names(self.connection.cursor()):
  File "/Users/nishant/Bitshop/lib/python2.7/site-packages/django/db/backends/base/introspection.py", line 58, in table_names
    return get_names(cursor)
  File "/Users/nishant/Bitshop/lib/python2.7/site-packages/django/db/backends/base/introspection.py", line 53, in get_names
    return sorted(ti.name for ti in self.get_table_list(cursor)
  File "/Users/nishant/Bitshop/lib/python2.7/site-packages/django/db/backends/sqlite3/introspection.py", line 68, in get_table_list
    ORDER BY name""")
  File "/Users/nishant/Bitshop/lib/python2.7/site-packages/django/db/backends/utils.py", line 79, in execute
    return super(CursorDebugWrapper, self).execute(sql, params)
  File "/Users/nishant/Bitshop/lib/python2.7/site-packages/django/db/backends/utils.py", line 64, in execute
    return self.cursor.execute(sql, params)
  File "/Users/nishant/Bitshop/lib/python2.7/site-packages/django/db/utils.py", line 95, in __exit__
    six.reraise(dj_exc_type, dj_exc_value, traceback)
  File "/Users/nishant/Bitshop/lib/python2.7/site-packages/django/db/backends/utils.py", line 62, in execute
    return self.cursor.execute(sql)
  File "/Users/nishant/Bitshop/lib/python2.7/site-packages/django/db/backends/sqlite3/base.py", line 321, in execute
    return Database.Cursor.execute(self, query)
django.db.utils.OperationalError: database is locked
Performing system checks...

System check identified no issues (0 silenced).
August 15, 2016 - 10:40:05
Django version 1.9.8, using settings 'bitshopproject.settings'
Starting development server at http://192.168.1.137:8000/
Quit the server with CONTROL-C.
Performing system checks...

System check identified no issues (0 silenced).
August 15, 2016 - 10:40:25
Django version 1.9.8, using settings 'bitshopproject.settings'
Starting development server at http://192.168.1.137:8000/
Quit the server with CONTROL-C.
Performing system checks...

System check identified no issues (0 silenced).
August 15, 2016 - 10:42:28
Django version 1.9.8, using settings 'bitshopproject.settings'
Starting development server at http://192.168.1.137:8000/
Quit the server with CONTROL-C.
Performing system checks...

System check identified no issues (0 silenced).
August 15, 2016 - 10:47:18
Django version 1.9.8, using settings 'bitshopproject.settings'
Starting development server at http://192.168.1.137:8000/
Quit the server with CONTROL-C.
Traceback (most recent call last):
  File "manage.py", line 10, in <module>
    execute_from_command_line(sys.argv)
  File "/Users/nishant/Bitshop/lib/python2.7/site-packages/django/core/management/__init__.py", line 353, in execute_from_command_line
    utility.execute()
  File "/Users/nishant/Bitshop/lib/python2.7/site-packages/django/core/management/__init__.py", line 345, in execute
    self.fetch_command(subcommand).run_from_argv(self.argv)
  File "/Users/nishant/Bitshop/lib/python2.7/site-packages/django/core/management/base.py", line 348, in run_from_argv
    self.execute(*args, **cmd_options)
  File "/Users/nishant/Bitshop/lib/python2.7/site-packages/django/core/management/commands/runserver.py", line 54, in execute
    super(Command, self).execute(*args, **options)
  File "/Users/nishant/Bitshop/lib/python2.7/site-packages/django/core/management/base.py", line 399, in execute
    output = self.handle(*args, **options)
  File "/Users/nishant/Bitshop/lib/python2.7/site-packages/django/core/management/commands/runserver.py", line 93, in handle
    self.run(**options)
  File "/Users/nishant/Bitshop/lib/python2.7/site-packages/django/core/management/commands/runserver.py", line 102, in run
    autoreload.main(self.inner_run, None, options)
  File "/Users/nishant/Bitshop/lib/python2.7/site-packages/django/utils/autoreload.py", line 333, in main
    reloader(wrapped_main_func, args, kwargs)
  File "/Users/nishant/Bitshop/lib/python2.7/site-packages/django/utils/autoreload.py", line 299, in python_reloader
    reloader_thread()
  File "/Users/nishant/Bitshop/lib/python2.7/site-packages/django/utils/autoreload.py", line 275, in reloader_thread
    change = fn()
  File "/Users/nishant/Bitshop/lib/python2.7/site-packages/django/utils/autoreload.py", line 205, in code_changed
    stat = os.stat(filename)
OSError: [Errno 2] No such file or directory: '/Users/nishant/Bitshop/bitshopproject/bitshopapp/sanitize/shoes_api.py'
[16/Aug/2016 06:23:04] "GET / HTTP/1.1" 200 22671
[16/Aug/2016 06:23:04] "GET /static/css/owl.theme.css HTTP/1.1" 200 1999
[16/Aug/2016 06:23:04] "GET /static/css/owl.carousel.css HTTP/1.1" 200 1476
[16/Aug/2016 06:23:04] "GET /static/css/font-awesome.css HTTP/1.1" 200 32113
[16/Aug/2016 06:23:04] "GET /static/css/style.css HTTP/1.1" 200 18525
[16/Aug/2016 06:23:04] "GET /static/css/bootstrap.min.css HTTP/1.1" 200 121268
[16/Aug/2016 06:23:05] "GET /static/images/favicon.ico HTTP/1.1" 404 1785
Not Found: /getapps
[16/Aug/2016 06:23:12] "GET /getapps HTTP/1.1" 404 3700
Not Found: /favicon.ico
[16/Aug/2016 06:23:12] "GET /favicon.ico HTTP/1.1" 404 3712
[16/Aug/2016 06:23:25] "GET /getproducts HTTP/1.1" 301 0
[16/Aug/2016 06:23:25] "GET /getproducts/ HTTP/1.1" 200 24142
[16/Aug/2016 06:23:26] "GET /static/rest_framework/css/default.css HTTP/1.1" 200 1132
[16/Aug/2016 06:23:26] "GET /static/rest_framework/css/prettify.css HTTP/1.1" 200 817
[16/Aug/2016 06:23:26] "GET /static/rest_framework/js/ajax-form.js HTTP/1.1" 200 2876
[16/Aug/2016 06:23:26] "GET /static/rest_framework/js/csrf.js HTTP/1.1" 200 1723
[16/Aug/2016 06:23:26] "GET /static/rest_framework/css/bootstrap.min.css HTTP/1.1" 200 121200
[16/Aug/2016 06:23:26] "GET /static/rest_framework/css/bootstrap-tweaks.css HTTP/1.1" 200 3399
[16/Aug/2016 06:23:26] "GET /static/rest_framework/js/default.js HTTP/1.1" 200 1262
[16/Aug/2016 06:23:26] "GET /static/rest_framework/js/jquery-1.12.4.min.js HTTP/1.1" 200 97163
[16/Aug/2016 06:23:26] "GET /static/rest_framework/js/bootstrap.min.js HTTP/1.1" 200 37045
[16/Aug/2016 06:23:26] "GET /static/rest_framework/js/prettify-min.js HTTP/1.1" 200 13632
[16/Aug/2016 06:23:26] "GET /static/rest_framework/img/grid.png HTTP/1.1" 200 1458
[16/Aug/2016 06:24:50] "GET /getproducts/ HTTP/1.1" 200 24142
[16/Aug/2016 06:24:50] "GET /static/rest_framework/css/bootstrap.min.css HTTP/1.1" 200 121200
[16/Aug/2016 06:24:51] "GET /static/rest_framework/css/bootstrap-tweaks.css HTTP/1.1" 200 3399
[16/Aug/2016 06:24:51] "GET /static/rest_framework/css/prettify.css HTTP/1.1" 200 817
[16/Aug/2016 06:24:51] "GET /static/rest_framework/css/default.css HTTP/1.1" 200 1132
[16/Aug/2016 06:24:51] "GET /static/rest_framework/js/ajax-form.js HTTP/1.1" 200 2876
[16/Aug/2016 06:24:51] "GET /static/rest_framework/js/jquery-1.12.4.min.js HTTP/1.1" 200 97163
[16/Aug/2016 06:24:51] "GET /static/rest_framework/js/csrf.js HTTP/1.1" 200 1723
[16/Aug/2016 06:24:51] "GET /static/rest_framework/js/bootstrap.min.js HTTP/1.1" 200 37045
[16/Aug/2016 06:24:51] "GET /static/rest_framework/js/default.js HTTP/1.1" 200 1262
[16/Aug/2016 06:24:51] "GET /static/rest_framework/js/prettify-min.js HTTP/1.1" 200 13632
[16/Aug/2016 06:24:51] "GET /static/rest_framework/img/grid.png HTTP/1.1" 200 1458
Not Found: /favicon.ico
[16/Aug/2016 06:24:51] "GET /favicon.ico HTTP/1.1" 404 3712
[16/Aug/2016 06:26:08] "GET /getproducts/ HTTP/1.1" 200 7269
[16/Aug/2016 06:33:12] "GET /getproducts/ HTTP/1.1" 200 8101
[16/Aug/2016 06:39:05] "GET /getproducts/ HTTP/1.1" 200 9282
Performing system checks...

System check identified no issues (0 silenced).
August 16, 2016 - 06:23:02
Django version 1.9.8, using settings 'bitshopproject.settings'
Starting development server at http://192.168.1.137:8000/
Quit the server with CONTROL-C.
[16/Aug/2016 06:51:00] "GET /getproducts/ HTTP/1.1" 200 10169
Performing system checks...

System check identified no issues (0 silenced).
August 16, 2016 - 06:49:32
Django version 1.9.8, using settings 'bitshopproject.settings'
Starting development server at http://192.168.1.137:8000/
Quit the server with CONTROL-C.
[16/Aug/2016 07:03:01] "GET /getproducts/ HTTP/1.1" 200 10169
[16/Aug/2016 07:05:38] "GET / HTTP/1.1" 200 21073
[16/Aug/2016 07:05:38] "GET /static/css/owl.theme.css HTTP/1.1" 200 1999
[16/Aug/2016 07:05:38] "GET /static/css/owl.carousel.css HTTP/1.1" 200 1476
[16/Aug/2016 07:05:38] "GET /static/css/font-awesome.css HTTP/1.1" 200 32113
[16/Aug/2016 07:05:38] "GET /static/css/style.css HTTP/1.1" 200 19280
[16/Aug/2016 07:05:38] "GET /static/css/bootstrap.min.css HTTP/1.1" 200 121268
[16/Aug/2016 07:05:54] "GET /admin HTTP/1.1" 301 0
[16/Aug/2016 07:05:55] "GET /admin/ HTTP/1.1" 302 0
[16/Aug/2016 07:05:55] "GET /admin/login/?next=/admin/ HTTP/1.1" 200 1679
[16/Aug/2016 07:05:55] "GET /static/admin/css/login.css HTTP/1.1" 200 1203
[16/Aug/2016 07:05:55] "GET /static/admin/css/base.css HTTP/1.1" 200 15897
[16/Aug/2016 07:05:55] "GET /static/admin/css/fonts.css HTTP/1.1" 200 423
[16/Aug/2016 07:05:55] "GET /static/admin/fonts/Roboto-Light-webfont.woff HTTP/1.1" 200 81348
[16/Aug/2016 07:05:55] "GET /static/admin/fonts/Roboto-Regular-webfont.woff HTTP/1.1" 200 80304
Not Found: /favicon.ico
[16/Aug/2016 07:05:56] "GET /favicon.ico HTTP/1.1" 404 3839
[16/Aug/2016 07:06:06] "POST /admin/login/?next=/admin/ HTTP/1.1" 302 0
[16/Aug/2016 07:06:06] "GET /admin/ HTTP/1.1" 200 15109
[16/Aug/2016 07:06:06] "GET /static/admin/css/dashboard.css HTTP/1.1" 200 434
[16/Aug/2016 07:06:07] "GET /static/admin/fonts/Roboto-Bold-webfont.woff HTTP/1.1" 200 82564
[16/Aug/2016 07:06:07] "GET /static/admin/img/icon-addlink.svg HTTP/1.1" 200 331
[16/Aug/2016 07:06:07] "GET /static/admin/img/icon-changelink.svg HTTP/1.1" 200 380
Performing system checks...

System check identified no issues (0 silenced).
August 16, 2016 - 06:56:47
Django version 1.9.8, using settings 'bitshopproject.settings'
Starting development server at http://192.168.1.137:8000/
Quit the server with CONTROL-C.
Performing system checks...

System check identified no issues (0 silenced).
August 16, 2016 - 07:27:49
Django version 1.9.8, using settings 'bitshopproject.settings'
Starting development server at http://192.168.1.137:8000/
Quit the server with CONTROL-C.
Performing system checks...

System check identified no issues (0 silenced).
August 16, 2016 - 07:32:31
Django version 1.9.8, using settings 'bitshopproject.settings'
Starting development server at http://192.168.1.137:8000/
Quit the server with CONTROL-C.
[16/Aug/2016 07:35:24] "GET /admin/jsi18n/ HTTP/1.1" 200 3217
[16/Aug/2016 07:35:25] "GET /static/admin/css/forms.css HTTP/1.1" 200 7750
[16/Aug/2016 07:35:25] "GET /static/admin/js/jquery.init.js HTTP/1.1" 200 363
[16/Aug/2016 07:35:25] "GET /static/admin/js/core.js HTTP/1.1" 200 8366
[16/Aug/2016 07:35:25] "GET /static/admin/js/admin/RelatedObjectLookups.js HTTP/1.1" 200 7173
[16/Aug/2016 07:35:25] "GET /static/admin/js/actions.js HTTP/1.1" 200 6259
[16/Aug/2016 07:35:25] "GET /static/admin/css/widgets.css HTTP/1.1" 200 10340
[16/Aug/2016 07:35:25] "GET /static/admin/js/prepopulate.js HTTP/1.1" 200 1538
[16/Aug/2016 07:35:25] "GET /static/admin/js/urlify.js HTTP/1.1" 200 7693
[16/Aug/2016 07:35:25] "GET /static/admin/js/vendor/xregexp/xregexp.js HTTP/1.1" 200 128820
[16/Aug/2016 07:35:25] "GET /static/admin/js/vendor/jquery/jquery.js HTTP/1.1" 200 247597
Performing system checks...

System check identified no issues (0 silenced).
August 16, 2016 - 07:34:01
Django version 1.9.8, using settings 'bitshopproject.settings'
Starting development server at http://192.168.1.137:8000/
Quit the server with CONTROL-C.
Performing system checks...

System check identified no issues (0 silenced).
August 16, 2016 - 07:35:36
Django version 1.9.8, using settings 'bitshopproject.settings'
Starting development server at http://192.168.1.137:8000/
Quit the server with CONTROL-C.
[16/Aug/2016 07:40:29] "GET /getproducts/ HTTP/1.1" 200 10169
Performing system checks...

System check identified no issues (0 silenced).
August 16, 2016 - 07:39:10
Django version 1.9.8, using settings 'bitshopproject.settings'
Starting development server at http://192.168.1.137:8000/
Quit the server with CONTROL-C.
Performing system checks...

System check identified no issues (0 silenced).
August 16, 2016 - 07:41:11
Django version 1.9.8, using settings 'bitshopproject.settings'
Starting development server at http://192.168.1.137:8000/
Quit the server with CONTROL-C.
Performing system checks...

System check identified no issues (0 silenced).
August 16, 2016 - 07:41:51
Django version 1.9.8, using settings 'bitshopproject.settings'
Starting development server at http://192.168.1.137:8000/
Quit the server with CONTROL-C.
Performing system checks...

System check identified no issues (0 silenced).
August 16, 2016 - 07:43:26
Django version 1.9.8, using settings 'bitshopproject.settings'
Starting development server at http://192.168.1.137:8000/
Quit the server with CONTROL-C.
Performing system checks...

System check identified no issues (0 silenced).
August 16, 2016 - 07:43:33
Django version 1.9.8, using settings 'bitshopproject.settings'
Starting development server at http://192.168.1.137:8000/
Quit the server with CONTROL-C.
Performing system checks...

System check identified no issues (0 silenced).
August 16, 2016 - 07:46:00
Django version 1.9.8, using settings 'bitshopproject.settings'
Starting development server at http://192.168.1.137:8000/
Quit the server with CONTROL-C.
Performing system checks...

System check identified no issues (0 silenced).
August 16, 2016 - 07:51:51
Django version 1.9.8, using settings 'bitshopproject.settings'
Starting development server at http://192.168.1.137:8000/
Quit the server with CONTROL-C.
Performing system checks...

System check identified no issues (0 silenced).
August 16, 2016 - 07:58:35
Django version 1.9.8, using settings 'bitshopproject.settings'
Starting development server at http://192.168.1.137:8000/
Quit the server with CONTROL-C.
Performing system checks...

System check identified no issues (0 silenced).
August 16, 2016 - 07:58:49
Django version 1.9.8, using settings 'bitshopproject.settings'
Starting development server at http://192.168.1.137:8000/
Quit the server with CONTROL-C.
Performing system checks...

System check identified no issues (0 silenced).
August 16, 2016 - 08:03:39
Django version 1.9.8, using settings 'bitshopproject.settings'
Starting development server at http://192.168.1.137:8000/
Quit the server with CONTROL-C.
Performing system checks...

System check identified no issues (0 silenced).
August 16, 2016 - 08:03:46
Django version 1.9.8, using settings 'bitshopproject.settings'
Starting development server at http://192.168.1.137:8000/
Quit the server with CONTROL-C.
[16/Aug/2016 08:22:18] "GET /getproducts/ HTTP/1.1" 200 10169
[16/Aug/2016 08:28:50] "GET /getproducts/ HTTP/1.1" 200 10169
Performing system checks...

System check identified no issues (0 silenced).
August 16, 2016 - 08:18:35
Django version 1.9.8, using settings 'bitshopproject.settings'
Starting development server at http://192.168.1.137:8000/
Quit the server with CONTROL-C.
[16/Aug/2016 08:38:34] "GET /getproducts/ HTTP/1.1" 200 10169
[16/Aug/2016 08:38:42] "GET /getproducts/ HTTP/1.1" 200 10169
[16/Aug/2016 08:38:50] "GET /getproducts/ HTTP/1.1" 200 10169
Performing system checks...

System check identified no issues (0 silenced).
August 16, 2016 - 08:33:11
Django version 1.9.8, using settings 'bitshopproject.settings'
Starting development server at http://192.168.1.137:8000/
Quit the server with CONTROL-C.
Performing system checks...

System check identified no issues (0 silenced).
August 16, 2016 - 08:39:04
Django version 1.9.8, using settings 'bitshopproject.settings'
Starting development server at http://192.168.1.137:8000/
Quit the server with CONTROL-C.
[16/Aug/2016 08:39:40] "GET /getproducts/ HTTP/1.1" 200 10169
Performing system checks...

System check identified no issues (0 silenced).
August 16, 2016 - 08:39:35
Django version 1.9.8, using settings 'bitshopproject.settings'
Starting development server at http://192.168.1.137:8000/
Quit the server with CONTROL-C.
Performing system checks...

System check identified no issues (0 silenced).
August 16, 2016 - 08:39:59
Django version 1.9.8, using settings 'bitshopproject.settings'
Starting development server at http://192.168.1.137:8000/
Quit the server with CONTROL-C.
Performing system checks...

System check identified no issues (0 silenced).
August 16, 2016 - 08:40:28
Django version 1.9.8, using settings 'bitshopproject.settings'
Starting development server at http://192.168.1.137:8000/
Quit the server with CONTROL-C.
Performing system checks...

System check identified no issues (0 silenced).
August 16, 2016 - 08:40:53
Django version 1.9.8, using settings 'bitshopproject.settings'
Starting development server at http://192.168.1.137:8000/
Quit the server with CONTROL-C.
Performing system checks...

System check identified no issues (0 silenced).
August 16, 2016 - 08:44:16
Django version 1.9.8, using settings 'bitshopproject.settings'
Starting development server at http://192.168.1.137:8000/
Quit the server with CONTROL-C.
Performing system checks...

System check identified no issues (0 silenced).
August 16, 2016 - 08:46:25
Django version 1.9.8, using settings 'bitshopproject.settings'
Starting development server at http://192.168.1.137:8000/
Quit the server with CONTROL-C.
Performing system checks...

System check identified no issues (0 silenced).
August 16, 2016 - 08:46:32
Django version 1.9.8, using settings 'bitshopproject.settings'
Starting development server at http://192.168.1.137:8000/
Quit the server with CONTROL-C.
Performing system checks...

System check identified no issues (0 silenced).
August 16, 2016 - 08:48:35
Django version 1.9.8, using settings 'bitshopproject.settings'
Starting development server at http://192.168.1.137:8000/
Quit the server with CONTROL-C.
Unhandled exception in thread started by <function wrapper at 0x1091c7ed8>
Traceback (most recent call last):
  File "/Users/nishant/Bitshop/lib/python2.7/site-packages/django/utils/autoreload.py", line 226, in wrapper
    fn(*args, **kwargs)
  File "/Users/nishant/Bitshop/lib/python2.7/site-packages/django/core/management/commands/runserver.py", line 109, in inner_run
    autoreload.raise_last_exception()
  File "/Users/nishant/Bitshop/lib/python2.7/site-packages/django/utils/autoreload.py", line 249, in raise_last_exception
    six.reraise(*_exception)
  File "/Users/nishant/Bitshop/lib/python2.7/site-packages/django/utils/autoreload.py", line 226, in wrapper
    fn(*args, **kwargs)
  File "/Users/nishant/Bitshop/lib/python2.7/site-packages/django/__init__.py", line 18, in setup
    apps.populate(settings.INSTALLED_APPS)
  File "/Users/nishant/Bitshop/lib/python2.7/site-packages/django/apps/registry.py", line 108, in populate
    app_config.import_models(all_models)
  File "/Users/nishant/Bitshop/lib/python2.7/site-packages/django/apps/config.py", line 202, in import_models
    self.models_module = import_module(models_module_name)
  File "/System/Library/Frameworks/Python.framework/Versions/2.7/lib/python2.7/importlib/__init__.py", line 37, in import_module
    __import__(name)
  File "/Users/nishant/Bitshop/bitshopproject/bitshopapp/models.py", line 172, in <module>
    class UserActivity(models.Model):
  File "/Users/nishant/Bitshop/bitshopproject/bitshopapp/models.py", line 178, in UserActivity
    post = models.ForeignKey(Post)
NameError: name 'Post' is not defined
Unhandled exception in thread started by <function wrapper at 0x10a6d3758>
Traceback (most recent call last):
  File "/Users/nishant/Bitshop/lib/python2.7/site-packages/django/utils/autoreload.py", line 226, in wrapper
    fn(*args, **kwargs)
  File "/Users/nishant/Bitshop/lib/python2.7/site-packages/django/core/management/commands/runserver.py", line 109, in inner_run
    autoreload.raise_last_exception()
  File "/Users/nishant/Bitshop/lib/python2.7/site-packages/django/utils/autoreload.py", line 249, in raise_last_exception
    six.reraise(*_exception)
  File "/Users/nishant/Bitshop/lib/python2.7/site-packages/django/utils/autoreload.py", line 226, in wrapper
    fn(*args, **kwargs)
  File "/Users/nishant/Bitshop/lib/python2.7/site-packages/django/__init__.py", line 18, in setup
    apps.populate(settings.INSTALLED_APPS)
  File "/Users/nishant/Bitshop/lib/python2.7/site-packages/django/apps/registry.py", line 108, in populate
    app_config.import_models(all_models)
  File "/Users/nishant/Bitshop/lib/python2.7/site-packages/django/apps/config.py", line 202, in import_models
    self.models_module = import_module(models_module_name)
  File "/System/Library/Frameworks/Python.framework/Versions/2.7/lib/python2.7/importlib/__init__.py", line 37, in import_module
    __import__(name)
  File "/Users/nishant/Bitshop/bitshopproject/bitshopapp/models.py", line 172, in <module>
    class UserActivity(models.Model):
  File "/Users/nishant/Bitshop/bitshopproject/bitshopapp/models.py", line 178, in UserActivity
    post = models.ForeignKey(Post)
NameError: name 'Post' is not defined
Unhandled exception in thread started by <function wrapper at 0x10d179758>
Traceback (most recent call last):
  File "/Users/nishant/Bitshop/lib/python2.7/site-packages/django/utils/autoreload.py", line 226, in wrapper
    fn(*args, **kwargs)
  File "/Users/nishant/Bitshop/lib/python2.7/site-packages/django/core/management/commands/runserver.py", line 109, in inner_run
    autoreload.raise_last_exception()
  File "/Users/nishant/Bitshop/lib/python2.7/site-packages/django/utils/autoreload.py", line 249, in raise_last_exception
    six.reraise(*_exception)
  File "/Users/nishant/Bitshop/lib/python2.7/site-packages/django/utils/autoreload.py", line 226, in wrapper
    fn(*args, **kwargs)
  File "/Users/nishant/Bitshop/lib/python2.7/site-packages/django/__init__.py", line 18, in setup
    apps.populate(settings.INSTALLED_APPS)
  File "/Users/nishant/Bitshop/lib/python2.7/site-packages/django/apps/registry.py", line 108, in populate
    app_config.import_models(all_models)
  File "/Users/nishant/Bitshop/lib/python2.7/site-packages/django/apps/config.py", line 202, in import_models
    self.models_module = import_module(models_module_name)
  File "/System/Library/Frameworks/Python.framework/Versions/2.7/lib/python2.7/importlib/__init__.py", line 37, in import_module
    __import__(name)
  File "/Users/nishant/Bitshop/bitshopproject/bitshopapp/models.py", line 172, in <module>
    class UserActivity(models.Model):
  File "/Users/nishant/Bitshop/bitshopproject/bitshopapp/models.py", line 178, in UserActivity
    post = models.ForeignKey(Post)
NameError: name 'Post' is not defined
Unhandled exception in thread started by <function wrapper at 0x1030292a8>
Traceback (most recent call last):
  File "/Users/nishant/Bitshop/lib/python2.7/site-packages/django/utils/autoreload.py", line 226, in wrapper
    fn(*args, **kwargs)
  File "/Users/nishant/Bitshop/lib/python2.7/site-packages/django/core/management/commands/runserver.py", line 109, in inner_run
    autoreload.raise_last_exception()
  File "/Users/nishant/Bitshop/lib/python2.7/site-packages/django/utils/autoreload.py", line 249, in raise_last_exception
    six.reraise(*_exception)
  File "/Users/nishant/Bitshop/lib/python2.7/site-packages/django/utils/autoreload.py", line 226, in wrapper
    fn(*args, **kwargs)
  File "/Users/nishant/Bitshop/lib/python2.7/site-packages/django/__init__.py", line 18, in setup
    apps.populate(settings.INSTALLED_APPS)
  File "/Users/nishant/Bitshop/lib/python2.7/site-packages/django/apps/registry.py", line 115, in populate
    app_config.ready()
  File "/Users/nishant/Bitshop/lib/python2.7/site-packages/django/contrib/admin/apps.py", line 22, in ready
    self.module.autodiscover()
  File "/Users/nishant/Bitshop/lib/python2.7/site-packages/django/contrib/admin/__init__.py", line 26, in autodiscover
    autodiscover_modules('admin', register_to=site)
  File "/Users/nishant/Bitshop/lib/python2.7/site-packages/django/utils/module_loading.py", line 50, in autodiscover_modules
    import_module('%s.%s' % (app_config.name, module_to_search))
  File "/System/Library/Frameworks/Python.framework/Versions/2.7/lib/python2.7/importlib/__init__.py", line 37, in import_module
    __import__(name)
  File "/Users/nishant/Bitshop/bitshopproject/bitshopapp/admin.py", line 2, in <module>
    from .models import Brand, SerfoProduct, Product, ProductImage, Category, SubCategory, UserProfile, Review, Post, Comment, SubComment, UserActivity, New
ImportError: cannot import name Post
Unhandled exception in thread started by <function wrapper at 0x10c21e2a8>
Traceback (most recent call last):
  File "/Users/nishant/Bitshop/lib/python2.7/site-packages/django/utils/autoreload.py", line 226, in wrapper
    fn(*args, **kwargs)
  File "/Users/nishant/Bitshop/lib/python2.7/site-packages/django/core/management/commands/runserver.py", line 109, in inner_run
    autoreload.raise_last_exception()
  File "/Users/nishant/Bitshop/lib/python2.7/site-packages/django/utils/autoreload.py", line 249, in raise_last_exception
    six.reraise(*_exception)
  File "/Users/nishant/Bitshop/lib/python2.7/site-packages/django/utils/autoreload.py", line 226, in wrapper
    fn(*args, **kwargs)
  File "/Users/nishant/Bitshop/lib/python2.7/site-packages/django/__init__.py", line 18, in setup
    apps.populate(settings.INSTALLED_APPS)
  File "/Users/nishant/Bitshop/lib/python2.7/site-packages/django/apps/registry.py", line 115, in populate
    app_config.ready()
  File "/Users/nishant/Bitshop/lib/python2.7/site-packages/django/contrib/admin/apps.py", line 22, in ready
    self.module.autodiscover()
  File "/Users/nishant/Bitshop/lib/python2.7/site-packages/django/contrib/admin/__init__.py", line 26, in autodiscover
    autodiscover_modules('admin', register_to=site)
  File "/Users/nishant/Bitshop/lib/python2.7/site-packages/django/utils/module_loading.py", line 50, in autodiscover_modules
    import_module('%s.%s' % (app_config.name, module_to_search))
  File "/System/Library/Frameworks/Python.framework/Versions/2.7/lib/python2.7/importlib/__init__.py", line 37, in import_module
    __import__(name)
  File "/Users/nishant/Bitshop/bitshopproject/bitshopapp/admin.py", line 2, in <module>
    from .models import Brand, SerfoProduct, Product, ProductImage, Category, SubCategory, UserProfile, Review, Post, Comment, SubComment, UserActivity, New
ImportError: cannot import name Post
Unhandled exception in thread started by <function wrapper at 0x1112e92a8>
Traceback (most recent call last):
  File "/Users/nishant/Bitshop/lib/python2.7/site-packages/django/utils/autoreload.py", line 226, in wrapper
    fn(*args, **kwargs)
  File "/Users/nishant/Bitshop/lib/python2.7/site-packages/django/core/management/commands/runserver.py", line 109, in inner_run
    autoreload.raise_last_exception()
  File "/Users/nishant/Bitshop/lib/python2.7/site-packages/django/utils/autoreload.py", line 249, in raise_last_exception
    six.reraise(*_exception)
  File "/Users/nishant/Bitshop/lib/python2.7/site-packages/django/utils/autoreload.py", line 226, in wrapper
    fn(*args, **kwargs)
  File "/Users/nishant/Bitshop/lib/python2.7/site-packages/django/__init__.py", line 18, in setup
    apps.populate(settings.INSTALLED_APPS)
  File "/Users/nishant/Bitshop/lib/python2.7/site-packages/django/apps/registry.py", line 115, in populate
    app_config.ready()
  File "/Users/nishant/Bitshop/lib/python2.7/site-packages/django/contrib/admin/apps.py", line 22, in ready
    self.module.autodiscover()
  File "/Users/nishant/Bitshop/lib/python2.7/site-packages/django/contrib/admin/__init__.py", line 26, in autodiscover
    autodiscover_modules('admin', register_to=site)
  File "/Users/nishant/Bitshop/lib/python2.7/site-packages/django/utils/module_loading.py", line 50, in autodiscover_modules
    import_module('%s.%s' % (app_config.name, module_to_search))
  File "/System/Library/Frameworks/Python.framework/Versions/2.7/lib/python2.7/importlib/__init__.py", line 37, in import_module
    __import__(name)
  File "/Users/nishant/Bitshop/bitshopproject/bitshopapp/admin.py", line 39, in <module>
    admin.site.register(Post)
NameError: name 'Post' is not defined
Performing system checks...

System check identified no issues (0 silenced).
August 16, 2016 - 08:53:55
Django version 1.9.8, using settings 'bitshopproject.settings'
Starting development server at http://192.168.1.137:8000/
Quit the server with CONTROL-C.
Performing system checks...

System check identified no issues (0 silenced).
August 16, 2016 - 08:54:26
Django version 1.9.8, using settings 'bitshopproject.settings'
Starting development server at http://192.168.1.137:8000/
Quit the server with CONTROL-C.
Performing system checks...

System check identified no issues (0 silenced).
August 16, 2016 - 08:55:24
Django version 1.9.8, using settings 'bitshopproject.settings'
Starting development server at http://192.168.1.137:8000/
Quit the server with CONTROL-C.
Performing system checks...

System check identified no issues (0 silenced).
August 16, 2016 - 08:55:30
Django version 1.9.8, using settings 'bitshopproject.settings'
Starting development server at http://192.168.1.137:8000/
Quit the server with CONTROL-C.
Performing system checks...

System check identified no issues (0 silenced).
August 16, 2016 - 09:02:21
Django version 1.9.8, using settings 'bitshopproject.settings'
Starting development server at http://192.168.1.137:8000/
Quit the server with CONTROL-C.
Performing system checks...

System check identified no issues (0 silenced).
August 16, 2016 - 09:02:46
Django version 1.9.8, using settings 'bitshopproject.settings'
Starting development server at http://192.168.1.137:8000/
Quit the server with CONTROL-C.
Performing system checks...

System check identified no issues (0 silenced).
August 16, 2016 - 09:03:10
Django version 1.9.8, using settings 'bitshopproject.settings'
Starting development server at http://192.168.1.137:8000/
Quit the server with CONTROL-C.
Performing system checks...

System check identified no issues (0 silenced).
August 16, 2016 - 09:03:19
Django version 1.9.8, using settings 'bitshopproject.settings'
Starting development server at http://192.168.1.137:8000/
Quit the server with CONTROL-C.
Performing system checks...

System check identified no issues (0 silenced).
August 16, 2016 - 09:04:19
Django version 1.9.8, using settings 'bitshopproject.settings'
Starting development server at http://192.168.1.137:8000/
Quit the server with CONTROL-C.
Performing system checks...

System check identified no issues (0 silenced).
August 16, 2016 - 09:05:17
Django version 1.9.8, using settings 'bitshopproject.settings'
Starting development server at http://192.168.1.137:8000/
Quit the server with CONTROL-C.
[16/Aug/2016 09:50:45] "GET /getproducts/ HTTP/1.1" 200 10169
[16/Aug/2016 09:51:04] "GET /getproducts/ HTTP/1.1" 200 10169
Performing system checks...

System check identified no issues (0 silenced).
August 16, 2016 - 09:05:49
Django version 1.9.8, using settings 'bitshopproject.settings'
Starting development server at http://192.168.1.137:8000/
Quit the server with CONTROL-C.
Performing system checks...

System check identified no issues (0 silenced).
August 16, 2016 - 09:56:33
Django version 1.9.8, using settings 'bitshopproject.settings'
Starting development server at http://192.168.1.137:8000/
Quit the server with CONTROL-C.
Performing system checks...

System check identified no issues (0 silenced).
August 16, 2016 - 09:57:03
Django version 1.9.8, using settings 'bitshopproject.settings'
Starting development server at http://192.168.1.137:8000/
Quit the server with CONTROL-C.
Performing system checks...

System check identified no issues (0 silenced).
August 16, 2016 - 09:58:56
Django version 1.9.8, using settings 'bitshopproject.settings'
Starting development server at http://192.168.1.137:8000/
Quit the server with CONTROL-C.
Performing system checks...

System check identified no issues (0 silenced).
August 16, 2016 - 10:23:31
Django version 1.9.8, using settings 'bitshopproject.settings'
Starting development server at http://192.168.1.137:8000/
Quit the server with CONTROL-C.
Performing system checks...

System check identified no issues (0 silenced).
August 16, 2016 - 10:25:59
Django version 1.9.8, using settings 'bitshopproject.settings'
Starting development server at http://192.168.1.137:8000/
Quit the server with CONTROL-C.
[16/Aug/2016 10:29:28] "GET /getproducts/ HTTP/1.1" 200 10169
Performing system checks...

System check identified no issues (0 silenced).
August 16, 2016 - 10:26:06
Django version 1.9.8, using settings 'bitshopproject.settings'
Starting development server at http://192.168.1.137:8000/
Quit the server with CONTROL-C.
Error: That IP address can't be assigned to.
Performing system checks...

System check identified no issues (0 silenced).
August 16, 2016 - 14:37:47
Django version 1.9.8, using settings 'bitshopproject.settings'
Starting development server at http://192.168.1.139:8000/
Quit the server with CONTROL-C.
